<?xml version="1.0" encoding="UTF-8"?>
<!-- Generated by org.testng.reporters.JUnitReportReporter -->
<testsuite hostname="Ankit" failures="0" tests="1" name="Assignment.FindElments" time="13.025" errors="0" timestamp="2023-01-07T12:37:52 IST" skipped="0">
  <testcase classname="Assignment.FindElments" name="test" time="13.025"/>
  <system-out/>
</testsuite> <!-- Assignment.FindElments -->
