<?xml version="1.0" encoding="UTF-8"?>
<!-- Generated by org.testng.reporters.JUnitReportReporter -->
<testsuite hostname="Ankit" failures="0" tests="1" name="com.webElementMethods.GetTagNameMethod" time="9.932" errors="0" timestamp="2023-01-07T12:18:32 IST" skipped="0">
  <testcase classname="com.webElementMethods.GetTagNameMethod" name="test" time="9.932"/>
  <system-out/>
</testsuite> <!-- com.webElementMethods.GetTagNameMethod -->
