<?xml version="1.0" encoding="UTF-8"?>
<!-- Generated by org.testng.reporters.JUnitReportReporter -->
<testsuite hostname="Ankit" failures="0" tests="2" name="Assignment.GroupTest" time="26.092" errors="0" timestamp="2022-12-06T12:48:53 IST" skipped="0">
  <testcase classname="Assignment.GroupTest" name="testCase2" time="18.045"/>
  <system-out/>
  <testcase classname="Assignment.GroupTest" name="testCase1" time="8.047"/>
  <system-out/>
</testsuite> <!-- Assignment.GroupTest -->
