<?xml version="1.0" encoding="UTF-8"?>
<!-- Generated by org.testng.reporters.JUnitReportReporter -->
<testsuite hostname="Ankit" failures="0" tests="4" name="Assignment.OrderOfExecution" time="7.707" errors="0" timestamp="2022-12-06T13:51:01 IST" skipped="0">
  <testcase classname="Assignment.OrderOfExecution" name="open" time="7.280"/>
  <system-out/>
  <testcase classname="Assignment.OrderOfExecution" name="enterDetails" time="0.148"/>
  <system-out/>
  <testcase classname="Assignment.OrderOfExecution" name="clickLogin" time="0.053"/>
  <system-out/>
  <testcase classname="Assignment.OrderOfExecution" name="closeCon" time="0.226"/>
  <system-out/>
</testsuite> <!-- Assignment.OrderOfExecution -->
