<?xml version="1.0" encoding="UTF-8"?>
<!-- Generated by org.testng.reporters.JUnitReportReporter -->
<testsuite hostname="Ankit" failures="0" tests="1" name="com.webElementMethods.GetAttributeMethod" time="13.433" errors="0" timestamp="2023-01-07T11:39:16 IST" skipped="0">
  <testcase classname="com.webElementMethods.GetAttributeMethod" name="test" time="13.433"/>
  <system-out/>
</testsuite> <!-- com.webElementMethods.GetAttributeMethod -->
