<?xml version="1.0" encoding="UTF-8"?>
<!-- Generated by org.testng.reporters.JUnitReportReporter -->
<testsuite hostname="Ankit" failures="0" tests="1" name="Assignment.BlockTest" time="6.837" errors="0" timestamp="2022-12-05T22:52:18 IST" skipped="0">
  <testcase classname="Assignment.BlockTest" name="LoginTest" time="6.837"/>
  <system-out/>
</testsuite> <!-- Assignment.BlockTest -->
