<?xml version="1.0" encoding="UTF-8"?>
<!-- Generated by org.testng.reporters.JUnitReportReporter -->
<testsuite hostname="Ankit" failures="0" tests="1" name="com.webElementMethods.BooleanMethod" time="8.965" errors="0" timestamp="2023-01-05T20:28:54 IST" skipped="0">
  <testcase classname="com.webElementMethods.BooleanMethod" name="method1" time="8.965"/>
  <system-out/>
</testsuite> <!-- com.webElementMethods.BooleanMethod -->
