<?xml version="1.0" encoding="UTF-8"?>
<!-- Generated by org.testng.reporters.JUnitReportReporter -->
<testsuite hostname="Ankit" failures="0" tests="1" name="com.ignore.Test1" time="0.014" errors="0" timestamp="2023-01-14T22:04:32 IST" skipped="0">
  <testcase classname="com.ignore.Test1" name="test2" time="0.014"/>
  <system-out/>
</testsuite> <!-- com.ignore.Test1 -->
