<?xml version="1.0" encoding="UTF-8"?>
<!-- Generated by org.testng.reporters.JUnitReportReporter -->
<testsuite hostname="Ankit" failures="0" tests="1" name="Assignment.Parameter" time="7.236" errors="0" timestamp="2022-12-05T22:50:37 IST" skipped="0">
  <testcase classname="Assignment.Parameter" name="parameterTest" time="7.236"/>
  <system-out/>
</testsuite> <!-- Assignment.Parameter -->
