<?xml version="1.0" encoding="UTF-8"?>
<!-- Generated by org.testng.reporters.JUnitReportReporter -->
<testsuite hostname="Ankit" failures="0" tests="1" name="NavigationOperation.Program1" time="15.476" errors="0" timestamp="2022-12-11T23:07:10 IST" skipped="0">
  <testcase classname="NavigationOperation.Program1" name="navi" time="15.476"/>
  <system-out/>
</testsuite> <!-- NavigationOperation.Program1 -->
