<?xml version="1.0" encoding="UTF-8"?>
<!-- Generated by org.testng.reporters.JUnitReportReporter -->
<testsuite hostname="Ankit" failures="0" tests="3" name="Annotation.ParameterAnnotation" time="23.730" errors="0" timestamp="2023-01-10T15:25:33 IST" skipped="0">
  <testcase classname="Annotation.ParameterAnnotation" name="test" time="6.979"/>
  <system-out/>
  <testcase classname="Annotation.ParameterAnnotation" name="test" time="8.760"/>
  <system-out/>
  <testcase classname="Annotation.ParameterAnnotation" name="test1" time="7.991"/>
  <system-out/>
</testsuite> <!-- Annotation.ParameterAnnotation -->
