<?xml version="1.0" encoding="UTF-8"?>
<!-- Generated by org.testng.reporters.JUnitReportReporter -->
<testsuite hostname="Ankit" failures="0" tests="1" name="Assignment.ScrollUp" time="8.780" errors="0" timestamp="2022-12-06T13:43:13 IST" skipped="0">
  <testcase classname="Assignment.ScrollUp" name="ScrollUp" time="8.780"/>
  <system-out/>
</testsuite> <!-- Assignment.ScrollUp -->
