<?xml version="1.0" encoding="UTF-8"?>
<!-- Generated by org.testng.reporters.JUnitReportReporter -->
<testsuite hostname="Ankit" failures="0" tests="1" name="com.groups.Test1" time="0.020" errors="0" timestamp="2023-01-15T14:48:20 IST" skipped="0">
  <testcase classname="com.groups.Test1" name="test4" time="0.020"/>
  <system-out/>
</testsuite> <!-- com.groups.Test1 -->
