<?xml version="1.0" encoding="UTF-8"?>
<!-- Generated by org.testng.reporters.JUnitReportReporter -->
<testsuite hostname="Ankit" failures="0" tests="1" name="DriverInterFaceOperation.WindowOperations" time="18.643" errors="0" timestamp="2022-12-11T15:24:54 IST" skipped="0">
  <testcase classname="DriverInterFaceOperation.WindowOperations" name="Window" time="18.643"/>
  <system-out/>
</testsuite> <!-- DriverInterFaceOperation.WindowOperations -->
