<?xml version="1.0" encoding="UTF-8"?>
<!-- Generated by org.testng.reporters.JUnitReportReporter -->
<testsuite hostname="Ankit" failures="0" tests="1" name="GetOperation.GetUrl" time="5.759" errors="0" timestamp="2022-12-11T21:32:09 IST" skipped="0">
  <testcase classname="GetOperation.GetUrl" name="program1" time="5.759"/>
  <system-out/>
</testsuite> <!-- GetOperation.GetUrl -->
