<?xml version="1.0" encoding="UTF-8"?>
<!-- Generated by org.testng.reporters.JUnitReportReporter -->
<testsuite hostname="Ankit" failures="0" tests="1" name="Assignment.Amazon" time="11.440" errors="0" timestamp="2022-12-17T22:58:13 IST" skipped="0">
  <testcase classname="Assignment.Amazon" name="dropdown" time="11.440"/>
  <system-out/>
</testsuite> <!-- Assignment.Amazon -->
