<?xml version="1.0" encoding="UTF-8"?>
<!-- Generated by org.testng.reporters.JUnitReportReporter -->
<testsuite hostname="Ankit" failures="0" tests="1" name="com.webElementMethods.GetCssValue" time="20.142" errors="0" timestamp="2023-01-07T11:50:02 IST" skipped="0">
  <testcase classname="com.webElementMethods.GetCssValue" name="test" time="20.142"/>
  <system-out/>
</testsuite> <!-- com.webElementMethods.GetCssValue -->
