<?xml version="1.0" encoding="UTF-8"?>
<!-- Generated by org.testng.reporters.JUnitReportReporter -->
<testsuite hostname="Ankit" failures="0" tests="2" name="Annotation.IgnoreAnnotation" time="0.019" errors="0" timestamp="2023-01-14T21:10:06 IST" skipped="0">
  <testcase classname="Annotation.IgnoreAnnotation" name="test1" time="0.015"/>
  <system-out/>
  <testcase classname="Annotation.IgnoreAnnotation" name="test2" time="0.004"/>
  <system-out/>
</testsuite> <!-- Annotation.IgnoreAnnotation -->
