<?xml version="1.0" encoding="UTF-8"?>
<!-- Generated by org.testng.reporters.JUnitReportReporter -->
<testsuite hostname="Ankit" failures="0" tests="1" name="Assignment.Assignment3" time="6.892" errors="0" timestamp="2022-12-30T15:51:08 IST" skipped="0">
  <testcase classname="Assignment.Assignment3" name="verify" time="6.892"/>
  <system-out/>
</testsuite> <!-- Assignment.Assignment3 -->
