<?xml version="1.0" encoding="UTF-8"?>
<!-- Generated by org.testng.reporters.JUnitReportReporter -->
<testsuite hostname="Ankit" failures="0" tests="1" name="WindowBasedOperation.Program1" time="25.604" errors="0" timestamp="2022-12-11T23:42:44 IST" skipped="0">
  <testcase classname="WindowBasedOperation.Program1" name="window" time="25.604"/>
  <system-out/>
</testsuite> <!-- WindowBasedOperation.Program1 -->
