<?xml version="1.0" encoding="UTF-8"?>
<!-- Generated by org.testng.reporters.JUnitReportReporter -->
<testsuite hostname="Ankit" failures="0" tests="1" name="Annotation.AnnotationOrder" time="0.011" errors="0" timestamp="2023-01-14T22:00:25 IST" skipped="0">
  <testcase classname="Annotation.AnnotationOrder" name="test" time="0.011"/>
  <system-out/>
</testsuite> <!-- Annotation.AnnotationOrder -->
