<?xml version="1.0" encoding="UTF-8"?>
<!-- Generated by org.testng.reporters.JUnitReportReporter -->
<testsuite hostname="Ankit" failures="0" tests="2" name="com.ignore.Test2" time="0.007" errors="0" timestamp="2023-01-14T22:04:32 IST" skipped="0">
  <testcase classname="com.ignore.Test2" name="test3" time="0.004"/>
  <system-out/>
  <testcase classname="com.ignore.Test2" name="test2" time="0.003"/>
  <system-out/>
</testsuite> <!-- com.ignore.Test2 -->
