<?xml version="1.0" encoding="UTF-8"?>
<!-- Generated by org.testng.reporters.JUnitReportReporter -->
<testsuite hostname="Ankit" failures="0" tests="3" name="com.groups.NewTest2" time="0.019" errors="0" timestamp="2023-01-15T14:50:16 IST" skipped="0">
  <testcase classname="com.groups.NewTest2" name="test7" time="0.002"/>
  <system-out/>
  <testcase classname="com.groups.NewTest2" name="test8" time="0.003"/>
  <system-out/>
  <testcase classname="com.groups.NewTest2" name="test6" time="0.014"/>
  <system-out/>
</testsuite> <!-- com.groups.NewTest2 -->
