<?xml version="1.0" encoding="UTF-8"?>
<!-- Generated by org.testng.reporters.JUnitReportReporter -->
<testsuite hostname="Ankit" failures="0" tests="1" name="com.webElementMethods.SendKeys" time="10.584" errors="0" timestamp="2023-01-05T22:27:22 IST" skipped="0">
  <testcase classname="com.webElementMethods.SendKeys" name="send" time="10.584"/>
  <system-out/>
</testsuite> <!-- com.webElementMethods.SendKeys -->
