<?xml version="1.0" encoding="UTF-8"?>
<!-- Generated by org.testng.reporters.JUnitReportReporter -->
<testsuite hostname="Ankit" failures="0" tests="1" name="Assignment.Assignment1" time="29.299" errors="0" timestamp="2022-12-31T11:39:24 IST" skipped="0">
  <testcase classname="Assignment.Assignment1" name="scroolDown" time="29.299"/>
  <system-out/>
</testsuite> <!-- Assignment.Assignment1 -->
