<?xml version="1.0" encoding="UTF-8"?>
<!-- Generated by org.testng.reporters.JUnitReportReporter -->
<testsuite hostname="Ankit" failures="0" tests="1" name="Assignment2" time="14.291" errors="0" timestamp="2022-12-05T15:42:34 IST" skipped="0">
  <testcase classname="Assignment2" name="dragAndDrop" time="14.291"/>
  <system-out/>
</testsuite> <!-- Assignment2 -->
