<?xml version="1.0" encoding="UTF-8"?>
<!-- Generated by org.testng.reporters.JUnitReportReporter -->
<testsuite hostname="Ankit" failures="0" tests="1" name="DriverInterFaceOperation.NavigationBrowserHistrory" time="34.171" errors="0" timestamp="2022-12-04T15:46:01 IST" skipped="0">
  <testcase classname="DriverInterFaceOperation.NavigationBrowserHistrory" name="naviagtion" time="34.171"/>
  <system-out/>
</testsuite> <!-- DriverInterFaceOperation.NavigationBrowserHistrory -->
