<?xml version="1.0" encoding="UTF-8"?>
<!-- Generated by org.testng.reporters.JUnitReportReporter -->
<testsuite hostname="Ankit" failures="0" tests="1" name="Com.Appname.Tests.LogInTest" time="16.836" errors="0" timestamp="2022-12-01T14:57:11 IST" skipped="0">
  <testcase classname="Com.Appname.Tests.LogInTest" name="logIn" time="16.836"/>
  <system-out/>
</testsuite> <!-- Com.Appname.Tests.LogInTest -->
