<?xml version="1.0" encoding="UTF-8"?>
<!-- Generated by org.testng.reporters.JUnitReportReporter -->
<testsuite hostname="Ankit" failures="0" tests="1" name="Com.Appname.Tests.Admin" time="25.738" errors="0" timestamp="2022-11-18T12:28:18 IST" skipped="0">
  <testcase classname="Com.Appname.Tests.Admin" name="logIn" time="25.738"/>
  <system-out/>
</testsuite> <!-- Com.Appname.Tests.Admin -->
