<?xml version="1.0" encoding="UTF-8"?>
<!-- Generated by org.testng.reporters.JUnitReportReporter -->
<testsuite hostname="Ankit" failures="0" tests="3" name="Com.Appname.Basepage.Anotation" time="4.723" errors="0" timestamp="2022-11-16T22:33:18 IST" skipped="0">
  <testcase classname="Com.Appname.Basepage.Anotation" name="logIn" time="4.718"/>
  <system-out/>
  <testcase classname="Com.Appname.Basepage.Anotation" name="getUrl" time="0.002"/>
  <system-out/>
  <testcase classname="Com.Appname.Basepage.Anotation" name="bgetUrl" time="0.003"/>
  <system-out/>
</testsuite> <!-- Com.Appname.Basepage.Anotation -->
