<?xml version="1.0" encoding="UTF-8"?>
<!-- Generated by org.testng.reporters.JUnitReportReporter -->
<testsuite hostname="Ankit" failures="0" tests="2" name="Com.Appname.Basepage.Anontation1" time="0.019" errors="0" timestamp="2022-11-16T22:44:58 IST" skipped="0">
  <testcase classname="Com.Appname.Basepage.Anontation1" name="bLoogIn" time="0.005"/>
  <system-out/>
  <testcase classname="Com.Appname.Basepage.Anontation1" name="ALogIn" time="0.014"/>
  <system-out/>
</testsuite> <!-- Com.Appname.Basepage.Anontation1 -->
