<?xml version="1.0" encoding="UTF-8"?>
<!-- Generated by org.testng.reporters.JUnitReportReporter -->
<testsuite hostname="Ankit" failures="0" tests="1" name="Wait_class.Theory" time="5.636" errors="0" timestamp="2023-01-22T22:47:58 IST" skipped="0">
  <testcase classname="Wait_class.Theory" name="main" time="5.636"/>
  <system-out/>
</testsuite> <!-- Wait_class.Theory -->
