<?xml version="1.0" encoding="UTF-8"?>
<!-- Generated by org.testng.reporters.JUnitReportReporter -->
<testsuite hostname="Ankit" failures="0" tests="1" name="com.takescreenShot.ScreenShot" time="10.386" errors="0" timestamp="2022-11-21T13:29:15 IST" skipped="0">
  <testcase classname="com.takescreenShot.ScreenShot" name="takeScreenShot" time="10.386"/>
  <system-out/>
</testsuite> <!-- com.takescreenShot.ScreenShot -->
