<?xml version="1.0" encoding="UTF-8"?>
<!-- Generated by org.testng.reporters.JUnitReportReporter -->
<testsuite hostname="Ankit" failures="0" tests="1" name="com.inetbanking.testcases.Tc_LoginTest_001" time="2.882" errors="0" timestamp="2022-12-28T10:45:54 IST" skipped="0">
  <testcase classname="com.inetbanking.testcases.Tc_LoginTest_001" name="logInTest" time="2.882"/>
  <system-out/>
</testsuite> <!-- com.inetbanking.testcases.Tc_LoginTest_001 -->
