<?xml version="1.0" encoding="UTF-8"?>
<!-- Generated by org.testng.reporters.JUnitReportReporter -->
<testsuite hostname="Ankit" failures="0" tests="1" name="com.banking.testCases.Tc_LogInTest_001" time="15.427" errors="0" timestamp="2022-12-22T11:35:23 IST" skipped="0">
  <testcase classname="com.banking.testCases.Tc_LogInTest_001" name="logIn" time="15.427"/>
  <system-out/>
</testsuite> <!-- com.banking.testCases.Tc_LogInTest_001 -->
