<?xml version="1.0" encoding="UTF-8"?>
<!-- Generated by org.testng.reporters.JUnitReportReporter -->
<testsuite hostname="Ankit" failures="0" tests="1" name="com.banking.utilites.Extent1" time="0.023" errors="0" timestamp="2022-12-21T10:32:05 IST" skipped="0">
  <testcase classname="com.banking.utilites.Extent1" name="test1" time="0.023"/>
  <system-out/>
</testsuite> <!-- com.banking.utilites.Extent1 -->
